{"/Users/ryanbillingsley/GitHub/scour/spec/find_and_replace_spec.js":{"path":"/Users/ryanbillingsley/GitHub/scour/spec/find_and_replace_spec.js","s":{"1":1,"2":1,"3":1,"4":1,"5":1,"6":1,"7":1,"8":1,"9":1,"10":1,"11":1,"12":1,"13":1,"14":1,"15":1,"16":1,"17":1,"18":1,"19":1,"20":1,"21":1,"22":1,"23":1,"24":1,"25":1,"26":1,"27":1,"28":1,"29":1,"30":1,"31":1,"32":1,"33":1,"34":1,"35":1,"36":1,"37":1,"38":1,"39":1,"40":1,"41":1,"42":1,"43":1,"44":1,"45":1,"46":1,"47":1,"48":1,"49":1,"50":1,"51":1,"52":1,"53":1,"54":1,"55":1,"56":1,"57":1},"b":{},"f":{"1":1,"2":1,"3":1,"4":1,"5":1,"6":1,"7":1,"8":1,"9":1,"10":1,"11":1,"12":1,"13":1,"14":1,"15":1,"16":1,"17":1,"18":1,"19":1,"20":1,"21":1,"22":1,"23":1,"24":1,"25":1},"fnMap":{"1":{"name":"(anonymous_1)","line":4,"loc":{"start":{"line":4,"column":28},"end":{"line":4,"column":38}}},"2":{"name":"(anonymous_2)","line":5,"loc":{"start":{"line":5,"column":81},"end":{"line":5,"column":91}}},"3":{"name":"(anonymous_3)","line":8,"loc":{"start":{"line":8,"column":35},"end":{"line":8,"column":70}}},"4":{"name":"(anonymous_4)","line":12,"loc":{"start":{"line":12,"column":36},"end":{"line":12,"column":64}}},"5":{"name":"(anonymous_5)","line":24,"loc":{"start":{"line":24,"column":49},"end":{"line":24,"column":59}}},"6":{"name":"(anonymous_6)","line":27,"loc":{"start":{"line":27,"column":21},"end":{"line":27,"column":39}}},"7":{"name":"(anonymous_7)","line":32,"loc":{"start":{"line":32,"column":7},"end":{"line":32,"column":17}}},"8":{"name":"(anonymous_8)","line":35,"loc":{"start":{"line":35,"column":36},"end":{"line":35,"column":71}}},"9":{"name":"(anonymous_9)","line":39,"loc":{"start":{"line":39,"column":37},"end":{"line":39,"column":65}}},"10":{"name":"(anonymous_10)","line":46,"loc":{"start":{"line":46,"column":11},"end":{"line":46,"column":22}}},"11":{"name":"(anonymous_11)","line":50,"loc":{"start":{"line":50,"column":7},"end":{"line":50,"column":18}}},"12":{"name":"(anonymous_12)","line":55,"loc":{"start":{"line":55,"column":113},"end":{"line":55,"column":123}}},"13":{"name":"(anonymous_13)","line":58,"loc":{"start":{"line":58,"column":21},"end":{"line":58,"column":45}}},"14":{"name":"(anonymous_14)","line":63,"loc":{"start":{"line":63,"column":7},"end":{"line":63,"column":17}}},"15":{"name":"(anonymous_15)","line":66,"loc":{"start":{"line":66,"column":36},"end":{"line":66,"column":71}}},"16":{"name":"(anonymous_16)","line":73,"loc":{"start":{"line":73,"column":11},"end":{"line":73,"column":22}}},"17":{"name":"(anonymous_17)","line":77,"loc":{"start":{"line":77,"column":7},"end":{"line":77,"column":18}}},"18":{"name":"(anonymous_18)","line":82,"loc":{"start":{"line":82,"column":71},"end":{"line":82,"column":81}}},"19":{"name":"(anonymous_19)","line":83,"loc":{"start":{"line":83,"column":35},"end":{"line":83,"column":67}}},"20":{"name":"(anonymous_20)","line":87,"loc":{"start":{"line":87,"column":13},"end":{"line":87,"column":23}}},"21":{"name":"(anonymous_21)","line":94,"loc":{"start":{"line":94,"column":74},"end":{"line":94,"column":84}}},"22":{"name":"(anonymous_22)","line":95,"loc":{"start":{"line":95,"column":35},"end":{"line":95,"column":67}}},"23":{"name":"(anonymous_23)","line":99,"loc":{"start":{"line":99,"column":36},"end":{"line":99,"column":64}}},"24":{"name":"(anonymous_24)","line":103,"loc":{"start":{"line":103,"column":13},"end":{"line":103,"column":23}}},"25":{"name":"(anonymous_25)","line":110,"loc":{"start":{"line":110,"column":71},"end":{"line":110,"column":81}}}},"statementMap":{"1":{"start":{"line":1,"column":0},"end":{"line":2,"column":22}},"2":{"start":{"line":4,"column":0},"end":{"line":131,"column":3}},"3":{"start":{"line":5,"column":1},"end":{"line":22,"column":4}},"4":{"start":{"line":6,"column":2},"end":{"line":6,"column":20}},"5":{"start":{"line":8,"column":2},"end":{"line":10,"column":5}},"6":{"start":{"line":9,"column":3},"end":{"line":9,"column":28}},"7":{"start":{"line":12,"column":2},"end":{"line":16,"column":2}},"8":{"start":{"line":13,"column":3},"end":{"line":13,"column":24}},"9":{"start":{"line":16,"column":2},"end":{"line":16,"column":49}},"10":{"start":{"line":18,"column":2},"end":{"line":18,"column":41}},"11":{"start":{"line":19,"column":2},"end":{"line":19,"column":42}},"12":{"start":{"line":21,"column":2},"end":{"line":21,"column":37}},"13":{"start":{"line":24,"column":1},"end":{"line":53,"column":4}},"14":{"start":{"line":25,"column":2},"end":{"line":25,"column":19}},"15":{"start":{"line":27,"column":2},"end":{"line":30,"column":4}},"16":{"start":{"line":28,"column":3},"end":{"line":28,"column":17}},"17":{"start":{"line":29,"column":3},"end":{"line":29,"column":15}},"18":{"start":{"line":32,"column":2},"end":{"line":44,"column":5}},"19":{"start":{"line":33,"column":3},"end":{"line":33,"column":16}},"20":{"start":{"line":35,"column":3},"end":{"line":37,"column":6}},"21":{"start":{"line":36,"column":4},"end":{"line":36,"column":29}},"22":{"start":{"line":39,"column":3},"end":{"line":41,"column":6}},"23":{"start":{"line":40,"column":4},"end":{"line":40,"column":26}},"24":{"start":{"line":43,"column":3},"end":{"line":43,"column":72}},"25":{"start":{"line":46,"column":2},"end":{"line":48,"column":51}},"26":{"start":{"line":47,"column":6},"end":{"line":47,"column":18}},"27":{"start":{"line":50,"column":2},"end":{"line":52,"column":7}},"28":{"start":{"line":51,"column":6},"end":{"line":51,"column":45}},"29":{"start":{"line":55,"column":1},"end":{"line":80,"column":4}},"30":{"start":{"line":56,"column":2},"end":{"line":56,"column":19}},"31":{"start":{"line":58,"column":2},"end":{"line":61,"column":4}},"32":{"start":{"line":59,"column":3},"end":{"line":59,"column":18}},"33":{"start":{"line":60,"column":3},"end":{"line":60,"column":15}},"34":{"start":{"line":63,"column":2},"end":{"line":71,"column":5}},"35":{"start":{"line":64,"column":3},"end":{"line":64,"column":16}},"36":{"start":{"line":66,"column":3},"end":{"line":68,"column":6}},"37":{"start":{"line":67,"column":4},"end":{"line":67,"column":29}},"38":{"start":{"line":70,"column":3},"end":{"line":70,"column":79}},"39":{"start":{"line":73,"column":2},"end":{"line":75,"column":51}},"40":{"start":{"line":74,"column":6},"end":{"line":74,"column":18}},"41":{"start":{"line":77,"column":2},"end":{"line":79,"column":7}},"42":{"start":{"line":78,"column":6},"end":{"line":78,"column":33}},"43":{"start":{"line":82,"column":1},"end":{"line":92,"column":4}},"44":{"start":{"line":83,"column":2},"end":{"line":85,"column":5}},"45":{"start":{"line":84,"column":3},"end":{"line":84,"column":36}},"46":{"start":{"line":87,"column":2},"end":{"line":89,"column":4}},"47":{"start":{"line":88,"column":3},"end":{"line":88,"column":50}},"48":{"start":{"line":91,"column":2},"end":{"line":91,"column":25}},"49":{"start":{"line":94,"column":1},"end":{"line":108,"column":4}},"50":{"start":{"line":95,"column":2},"end":{"line":97,"column":5}},"51":{"start":{"line":96,"column":3},"end":{"line":96,"column":28}},"52":{"start":{"line":99,"column":2},"end":{"line":101,"column":5}},"53":{"start":{"line":100,"column":3},"end":{"line":100,"column":54}},"54":{"start":{"line":103,"column":2},"end":{"line":107,"column":2}},"55":{"start":{"line":104,"column":3},"end":{"line":104,"column":50}},"56":{"start":{"line":107,"column":2},"end":{"line":107,"column":25}},"57":{"start":{"line":110,"column":1},"end":{"line":131,"column":0}}},"branchMap":{}},"/Users/ryanbillingsley/GitHub/scour/main.js":{"path":"/Users/ryanbillingsley/GitHub/scour/main.js","s":{"1":1,"2":1,"3":1,"4":1,"5":4,"6":4,"7":4,"8":1,"9":3,"10":6,"11":1,"12":1,"13":1,"14":1,"15":1,"16":1,"17":6,"18":3,"19":3,"20":3,"21":1,"22":5,"23":5,"24":5,"25":1,"26":4,"27":3,"28":3,"29":1,"30":1,"31":0,"32":1,"33":1,"34":1},"b":{"1":[1,3],"2":[1,5],"3":[3,3],"4":[6,1,5],"5":[5,3],"6":[1,4],"7":[3,1],"8":[4,3],"9":[1,0]},"f":{"1":1,"2":4,"3":4,"4":6,"5":1,"6":1,"7":3,"8":5,"9":5,"10":1},"fnMap":{"1":{"name":"Scour","line":7,"loc":{"start":{"line":7,"column":0},"end":{"line":7,"column":16}}},"2":{"name":"(anonymous_2)","line":11,"loc":{"start":{"line":11,"column":20},"end":{"line":11,"column":50}}},"3":{"name":"(anonymous_3)","line":15,"loc":{"start":{"line":15,"column":24},"end":{"line":15,"column":40}}},"4":{"name":"(anonymous_4)","line":19,"loc":{"start":{"line":19,"column":21},"end":{"line":19,"column":37}}},"5":{"name":"(anonymous_5)","line":23,"loc":{"start":{"line":23,"column":63},"end":{"line":23,"column":81}}},"6":{"name":"(anonymous_6)","line":28,"loc":{"start":{"line":28,"column":71},"end":{"line":28,"column":96}}},"7":{"name":"(anonymous_7)","line":33,"loc":{"start":{"line":33,"column":53},"end":{"line":33,"column":78}}},"8":{"name":"(anonymous_8)","line":39,"loc":{"start":{"line":39,"column":23},"end":{"line":39,"column":70}}},"9":{"name":"(anonymous_9)","line":42,"loc":{"start":{"line":42,"column":26},"end":{"line":42,"column":44}}},"10":{"name":"(anonymous_10)","line":48,"loc":{"start":{"line":48,"column":34},"end":{"line":48,"column":47}}}},"statementMap":{"1":{"start":{"line":1,"column":0},"end":{"line":5,"column":27}},"2":{"start":{"line":7,"column":0},"end":{"line":58,"column":1}},"3":{"start":{"line":9,"column":1},"end":{"line":9,"column":32}},"4":{"start":{"line":11,"column":1},"end":{"line":39,"column":1}},"5":{"start":{"line":12,"column":2},"end":{"line":13,"column":49}},"6":{"start":{"line":15,"column":2},"end":{"line":36,"column":5}},"7":{"start":{"line":16,"column":3},"end":{"line":16,"column":45}},"8":{"start":{"line":16,"column":15},"end":{"line":16,"column":45}},"9":{"start":{"line":19,"column":3},"end":{"line":35,"column":6}},"10":{"start":{"line":21,"column":4},"end":{"line":29,"column":5}},"11":{"start":{"line":22,"column":5},"end":{"line":22,"column":65}},"12":{"start":{"line":23,"column":5},"end":{"line":25,"column":8}},"13":{"start":{"line":24,"column":6},"end":{"line":24,"column":29}},"14":{"start":{"line":27,"column":5},"end":{"line":27,"column":78}},"15":{"start":{"line":28,"column":5},"end":{"line":28,"column":132}},"16":{"start":{"line":28,"column":98},"end":{"line":28,"column":128}},"17":{"start":{"line":31,"column":4},"end":{"line":34,"column":5}},"18":{"start":{"line":32,"column":5},"end":{"line":32,"column":36}},"19":{"start":{"line":33,"column":5},"end":{"line":33,"column":114}},"20":{"start":{"line":33,"column":80},"end":{"line":33,"column":110}},"21":{"start":{"line":39,"column":1},"end":{"line":58,"column":0}},"22":{"start":{"line":40,"column":2},"end":{"line":40,"column":30}},"23":{"start":{"line":42,"column":2},"end":{"line":56,"column":5}},"24":{"start":{"line":43,"column":3},"end":{"line":43,"column":21}},"25":{"start":{"line":43,"column":11},"end":{"line":43,"column":21}},"26":{"start":{"line":45,"column":3},"end":{"line":55,"column":4}},"27":{"start":{"line":46,"column":4},"end":{"line":46,"column":52}},"28":{"start":{"line":48,"column":4},"end":{"line":52,"column":7}},"29":{"start":{"line":49,"column":5},"end":{"line":49,"column":23}},"30":{"start":{"line":49,"column":13},"end":{"line":49,"column":23}},"31":{"start":{"line":51,"column":5},"end":{"line":51,"column":24}},"32":{"start":{"line":54,"column":4},"end":{"line":54,"column":27}},"33":{"start":{"line":60,"column":0},"end":{"line":60,"column":41}},"34":{"start":{"line":62,"column":0},"end":{"line":62,"column":28}}},"branchMap":{"1":{"line":16,"type":"if","locations":[{"start":{"line":16,"column":3},"end":{"line":16,"column":3}},{"start":{"line":16,"column":3},"end":{"line":16,"column":3}}]},"2":{"line":21,"type":"if","locations":[{"start":{"line":21,"column":4},"end":{"line":21,"column":4}},{"start":{"line":21,"column":4},"end":{"line":21,"column":4}}]},"3":{"line":31,"type":"if","locations":[{"start":{"line":31,"column":4},"end":{"line":31,"column":4}},{"start":{"line":31,"column":4},"end":{"line":31,"column":4}}]},"4":{"line":31,"type":"binary-expr","locations":[{"start":{"line":31,"column":8},"end":{"line":31,"column":36}},{"start":{"line":31,"column":40},"end":{"line":31,"column":69}},{"start":{"line":31,"column":74},"end":{"line":31,"column":93}}]},"5":{"line":40,"type":"binary-expr","locations":[{"start":{"line":40,"column":12},"end":{"line":40,"column":19}},{"start":{"line":40,"column":23},"end":{"line":40,"column":29}}]},"6":{"line":43,"type":"if","locations":[{"start":{"line":43,"column":3},"end":{"line":43,"column":3}},{"start":{"line":43,"column":3},"end":{"line":43,"column":3}}]},"7":{"line":45,"type":"if","locations":[{"start":{"line":45,"column":3},"end":{"line":45,"column":3}},{"start":{"line":45,"column":3},"end":{"line":45,"column":3}}]},"8":{"line":45,"type":"binary-expr","locations":[{"start":{"line":45,"column":6},"end":{"line":45,"column":33}},{"start":{"line":45,"column":37},"end":{"line":45,"column":69}}]},"9":{"line":49,"type":"if","locations":[{"start":{"line":49,"column":5},"end":{"line":49,"column":5}},{"start":{"line":49,"column":5},"end":{"line":49,"column":5}}]}}},"/Users/ryanbillingsley/GitHub/scour/spec/scour_folder_spec.js":{"path":"/Users/ryanbillingsley/GitHub/scour/spec/scour_folder_spec.js","s":{"1":1,"2":1,"3":10,"4":4,"5":1,"6":1,"7":1,"8":1,"9":5,"10":5,"11":1,"12":1,"13":1,"14":1,"15":1,"16":3,"17":1,"18":2,"19":1,"20":1,"21":1,"22":1,"23":1,"24":1,"25":1,"26":1,"27":1,"28":1,"29":3,"30":3,"31":1,"32":1,"33":1,"34":1,"35":1,"36":4,"37":1,"38":1,"39":1,"40":1,"41":1,"42":1,"43":1,"44":1,"45":1,"46":1,"47":1,"48":1,"49":1,"50":1,"51":1,"52":1,"53":1,"54":1,"55":2,"56":2,"57":1,"58":1,"59":1,"60":1,"61":1,"62":6,"63":1,"64":2,"65":1,"66":1,"67":1,"68":1,"69":1,"70":1,"71":1},"b":{},"f":{"1":10,"2":4,"3":1,"4":1,"5":5,"6":1,"7":1,"8":3,"9":2,"10":1,"11":1,"12":1,"13":3,"14":1,"15":1,"16":4,"17":1,"18":1,"19":1,"20":1,"21":1,"22":1,"23":1,"24":2,"25":1,"26":1,"27":6,"28":2,"29":1,"30":1},"fnMap":{"1":{"name":"(anonymous_1)","line":8,"loc":{"start":{"line":8,"column":11},"end":{"line":8,"column":21}}},"2":{"name":"(anonymous_2)","line":9,"loc":{"start":{"line":9,"column":34},"end":{"line":9,"column":54}}},"3":{"name":"(anonymous_3)","line":14,"loc":{"start":{"line":14,"column":24},"end":{"line":14,"column":34}}},"4":{"name":"(anonymous_4)","line":15,"loc":{"start":{"line":15,"column":60},"end":{"line":15,"column":70}}},"5":{"name":"(anonymous_5)","line":19,"loc":{"start":{"line":19,"column":22},"end":{"line":19,"column":36}}},"6":{"name":"(anonymous_6)","line":24,"loc":{"start":{"line":24,"column":7},"end":{"line":24,"column":17}}},"7":{"name":"(anonymous_7)","line":28,"loc":{"start":{"line":28,"column":34},"end":{"line":28,"column":63}}},"8":{"name":"(anonymous_8)","line":33,"loc":{"start":{"line":33,"column":37},"end":{"line":33,"column":51}}},"9":{"name":"(anonymous_9)","line":38,"loc":{"start":{"line":38,"column":45},"end":{"line":38,"column":92}}},"10":{"name":"(anonymous_10)","line":52,"loc":{"start":{"line":52,"column":11},"end":{"line":52,"column":21}}},"11":{"name":"(anonymous_11)","line":56,"loc":{"start":{"line":56,"column":7},"end":{"line":56,"column":17}}},"12":{"name":"(anonymous_12)","line":61,"loc":{"start":{"line":61,"column":56},"end":{"line":61,"column":66}}},"13":{"name":"(anonymous_13)","line":65,"loc":{"start":{"line":65,"column":22},"end":{"line":65,"column":36}}},"14":{"name":"(anonymous_14)","line":70,"loc":{"start":{"line":70,"column":7},"end":{"line":70,"column":17}}},"15":{"name":"(anonymous_15)","line":74,"loc":{"start":{"line":74,"column":34},"end":{"line":74,"column":63}}},"16":{"name":"(anonymous_16)","line":79,"loc":{"start":{"line":79,"column":37},"end":{"line":79,"column":51}}},"17":{"name":"(anonymous_17)","line":84,"loc":{"start":{"line":84,"column":45},"end":{"line":84,"column":92}}},"18":{"name":"(anonymous_18)","line":98,"loc":{"start":{"line":98,"column":11},"end":{"line":98,"column":21}}},"19":{"name":"(anonymous_19)","line":102,"loc":{"start":{"line":102,"column":7},"end":{"line":102,"column":17}}},"20":{"name":"(anonymous_20)","line":107,"loc":{"start":{"line":107,"column":42},"end":{"line":107,"column":52}}},"21":{"name":"(anonymous_21)","line":109,"loc":{"start":{"line":109,"column":34},"end":{"line":109,"column":63}}},"22":{"name":"(anonymous_22)","line":113,"loc":{"start":{"line":113,"column":14},"end":{"line":113,"column":24}}},"23":{"name":"(anonymous_23)","line":120,"loc":{"start":{"line":120,"column":90},"end":{"line":120,"column":100}}},"24":{"name":"(anonymous_24)","line":124,"loc":{"start":{"line":124,"column":22},"end":{"line":124,"column":36}}},"25":{"name":"(anonymous_25)","line":129,"loc":{"start":{"line":129,"column":7},"end":{"line":129,"column":17}}},"26":{"name":"(anonymous_26)","line":133,"loc":{"start":{"line":133,"column":34},"end":{"line":133,"column":63}}},"27":{"name":"(anonymous_27)","line":138,"loc":{"start":{"line":138,"column":37},"end":{"line":138,"column":51}}},"28":{"name":"(anonymous_28)","line":143,"loc":{"start":{"line":143,"column":45},"end":{"line":143,"column":92}}},"29":{"name":"(anonymous_29)","line":157,"loc":{"start":{"line":157,"column":11},"end":{"line":157,"column":21}}},"30":{"name":"(anonymous_30)","line":161,"loc":{"start":{"line":161,"column":7},"end":{"line":161,"column":17}}}},"statementMap":{"1":{"start":{"line":1,"column":0},"end":{"line":6,"column":30}},"2":{"start":{"line":8,"column":0},"end":{"line":12,"column":3}},"3":{"start":{"line":9,"column":1},"end":{"line":11,"column":4}},"4":{"start":{"line":10,"column":2},"end":{"line":10,"column":12}},"5":{"start":{"line":14,"column":0},"end":{"line":165,"column":3}},"6":{"start":{"line":15,"column":1},"end":{"line":59,"column":4}},"7":{"start":{"line":16,"column":2},"end":{"line":17,"column":10}},"8":{"start":{"line":19,"column":2},"end":{"line":22,"column":4}},"9":{"start":{"line":20,"column":3},"end":{"line":20,"column":17}},"10":{"start":{"line":21,"column":3},"end":{"line":21,"column":15}},"11":{"start":{"line":24,"column":2},"end":{"line":50,"column":5}},"12":{"start":{"line":25,"column":3},"end":{"line":25,"column":16}},"13":{"start":{"line":28,"column":3},"end":{"line":30,"column":6}},"14":{"start":{"line":29,"column":4},"end":{"line":29,"column":19}},"15":{"start":{"line":33,"column":3},"end":{"line":38,"column":3}},"16":{"start":{"line":34,"column":4},"end":{"line":34,"column":21}},"17":{"start":{"line":38,"column":3},"end":{"line":40,"column":6}},"18":{"start":{"line":39,"column":4},"end":{"line":39,"column":27}},"19":{"start":{"line":43,"column":3},"end":{"line":43,"column":34}},"20":{"start":{"line":46,"column":3},"end":{"line":46,"column":29}},"21":{"start":{"line":49,"column":3},"end":{"line":49,"column":29}},"22":{"start":{"line":52,"column":2},"end":{"line":54,"column":43}},"23":{"start":{"line":53,"column":3},"end":{"line":53,"column":15}},"24":{"start":{"line":56,"column":2},"end":{"line":59,"column":1}},"25":{"start":{"line":57,"column":3},"end":{"line":57,"column":34}},"26":{"start":{"line":61,"column":1},"end":{"line":105,"column":4}},"27":{"start":{"line":62,"column":2},"end":{"line":63,"column":10}},"28":{"start":{"line":65,"column":2},"end":{"line":68,"column":4}},"29":{"start":{"line":66,"column":3},"end":{"line":66,"column":17}},"30":{"start":{"line":67,"column":3},"end":{"line":67,"column":15}},"31":{"start":{"line":70,"column":2},"end":{"line":96,"column":5}},"32":{"start":{"line":71,"column":3},"end":{"line":71,"column":16}},"33":{"start":{"line":74,"column":3},"end":{"line":76,"column":6}},"34":{"start":{"line":75,"column":4},"end":{"line":75,"column":19}},"35":{"start":{"line":79,"column":3},"end":{"line":84,"column":3}},"36":{"start":{"line":80,"column":4},"end":{"line":80,"column":17}},"37":{"start":{"line":84,"column":3},"end":{"line":86,"column":6}},"38":{"start":{"line":85,"column":4},"end":{"line":85,"column":27}},"39":{"start":{"line":89,"column":3},"end":{"line":89,"column":34}},"40":{"start":{"line":92,"column":3},"end":{"line":92,"column":33}},"41":{"start":{"line":95,"column":3},"end":{"line":95,"column":29}},"42":{"start":{"line":98,"column":2},"end":{"line":100,"column":43}},"43":{"start":{"line":99,"column":3},"end":{"line":99,"column":15}},"44":{"start":{"line":102,"column":2},"end":{"line":104,"column":5}},"45":{"start":{"line":103,"column":3},"end":{"line":103,"column":34}},"46":{"start":{"line":107,"column":1},"end":{"line":118,"column":4}},"47":{"start":{"line":109,"column":3},"end":{"line":111,"column":6}},"48":{"start":{"line":110,"column":4},"end":{"line":110,"column":20}},"49":{"start":{"line":113,"column":3},"end":{"line":115,"column":5}},"50":{"start":{"line":114,"column":4},"end":{"line":114,"column":30}},"51":{"start":{"line":117,"column":3},"end":{"line":117,"column":26}},"52":{"start":{"line":120,"column":1},"end":{"line":164,"column":4}},"53":{"start":{"line":121,"column":2},"end":{"line":122,"column":10}},"54":{"start":{"line":124,"column":2},"end":{"line":127,"column":4}},"55":{"start":{"line":125,"column":3},"end":{"line":125,"column":17}},"56":{"start":{"line":126,"column":3},"end":{"line":126,"column":15}},"57":{"start":{"line":129,"column":2},"end":{"line":155,"column":5}},"58":{"start":{"line":130,"column":3},"end":{"line":130,"column":16}},"59":{"start":{"line":133,"column":3},"end":{"line":135,"column":6}},"60":{"start":{"line":134,"column":4},"end":{"line":134,"column":19}},"61":{"start":{"line":138,"column":3},"end":{"line":143,"column":3}},"62":{"start":{"line":139,"column":4},"end":{"line":139,"column":17}},"63":{"start":{"line":143,"column":3},"end":{"line":145,"column":6}},"64":{"start":{"line":144,"column":4},"end":{"line":144,"column":20}},"65":{"start":{"line":148,"column":3},"end":{"line":148,"column":34}},"66":{"start":{"line":151,"column":3},"end":{"line":151,"column":33}},"67":{"start":{"line":154,"column":3},"end":{"line":154,"column":29}},"68":{"start":{"line":157,"column":2},"end":{"line":159,"column":43}},"69":{"start":{"line":158,"column":3},"end":{"line":158,"column":15}},"70":{"start":{"line":161,"column":2},"end":{"line":163,"column":5}},"71":{"start":{"line":162,"column":3},"end":{"line":162,"column":27}}},"branchMap":{}}}