{"/Users/ryanbillingsley/GitHub/scour/spec/find_and_replace_spec.js":{"path":"/Users/ryanbillingsley/GitHub/scour/spec/find_and_replace_spec.js","s":{"1":1,"2":1,"3":1,"4":1,"5":1,"6":1,"7":1,"8":1,"9":1,"10":1,"11":1,"12":1,"13":1,"14":1},"b":{},"f":{"1":1,"2":1,"3":1,"4":1,"5":1,"6":1},"fnMap":{"1":{"name":"(anonymous_1)","line":4,"loc":{"start":{"line":4,"column":28},"end":{"line":4,"column":38}}},"2":{"name":"(anonymous_2)","line":5,"loc":{"start":{"line":5,"column":81},"end":{"line":5,"column":91}}},"3":{"name":"(anonymous_3)","line":8,"loc":{"start":{"line":8,"column":35},"end":{"line":8,"column":70}}},"4":{"name":"(anonymous_4)","line":12,"loc":{"start":{"line":12,"column":36},"end":{"line":12,"column":64}}},"5":{"name":"(anonymous_5)","line":24,"loc":{"start":{"line":24,"column":56},"end":{"line":24,"column":66}}},"6":{"name":"(anonymous_6)","line":28,"loc":{"start":{"line":28,"column":55},"end":{"line":28,"column":65}}}},"statementMap":{"1":{"start":{"line":1,"column":0},"end":{"line":2,"column":22}},"2":{"start":{"line":4,"column":0},"end":{"line":31,"column":3}},"3":{"start":{"line":5,"column":1},"end":{"line":22,"column":4}},"4":{"start":{"line":6,"column":2},"end":{"line":6,"column":20}},"5":{"start":{"line":8,"column":2},"end":{"line":10,"column":5}},"6":{"start":{"line":9,"column":3},"end":{"line":9,"column":28}},"7":{"start":{"line":12,"column":2},"end":{"line":16,"column":2}},"8":{"start":{"line":13,"column":3},"end":{"line":13,"column":24}},"9":{"start":{"line":16,"column":2},"end":{"line":16,"column":49}},"10":{"start":{"line":18,"column":2},"end":{"line":18,"column":41}},"11":{"start":{"line":19,"column":2},"end":{"line":19,"column":42}},"12":{"start":{"line":21,"column":2},"end":{"line":21,"column":37}},"13":{"start":{"line":24,"column":1},"end":{"line":26,"column":4}},"14":{"start":{"line":28,"column":1},"end":{"line":31,"column":0}}},"branchMap":{}},"/Users/ryanbillingsley/GitHub/scour/main.js":{"path":"/Users/ryanbillingsley/GitHub/scour/main.js","s":{"1":1,"2":1,"3":1,"4":0,"5":0,"6":0,"7":0,"8":1,"9":0,"10":0,"11":0,"12":0,"13":0,"14":0,"15":0,"16":0,"17":0,"18":0,"19":1,"20":1,"21":1,"22":1,"23":0,"24":1,"25":1,"26":1,"27":1,"28":0,"29":0,"30":0,"31":1},"b":{"1":[0,0],"2":[0,0],"3":[0,0],"4":[0,0,0],"5":[1,1],"6":[0,1],"7":[1,0],"8":[1,1],"9":[0,0]},"f":{"1":1,"2":0,"3":0,"4":0,"5":0,"6":1,"7":1,"8":0},"fnMap":{"1":{"name":"Scour","line":5,"loc":{"start":{"line":5,"column":0},"end":{"line":5,"column":16}}},"2":{"name":"(anonymous_2)","line":7,"loc":{"start":{"line":7,"column":20},"end":{"line":7,"column":50}}},"3":{"name":"(anonymous_3)","line":9,"loc":{"start":{"line":9,"column":24},"end":{"line":9,"column":40}}},"4":{"name":"(anonymous_4)","line":16,"loc":{"start":{"line":16,"column":32},"end":{"line":16,"column":61}}},"5":{"name":"(anonymous_5)","line":21,"loc":{"start":{"line":21,"column":20},"end":{"line":21,"column":36}}},"6":{"name":"(anonymous_6)","line":38,"loc":{"start":{"line":38,"column":23},"end":{"line":38,"column":61}}},"7":{"name":"(anonymous_7)","line":41,"loc":{"start":{"line":41,"column":26},"end":{"line":41,"column":44}}},"8":{"name":"(anonymous_8)","line":49,"loc":{"start":{"line":49,"column":34},"end":{"line":49,"column":47}}}},"statementMap":{"1":{"start":{"line":1,"column":0},"end":{"line":3,"column":27}},"2":{"start":{"line":5,"column":0},"end":{"line":57,"column":1}},"3":{"start":{"line":7,"column":1},"end":{"line":16,"column":1}},"4":{"start":{"line":9,"column":2},"end":{"line":13,"column":5}},"5":{"start":{"line":10,"column":3},"end":{"line":10,"column":57}},"6":{"start":{"line":10,"column":15},"end":{"line":10,"column":57}},"7":{"start":{"line":12,"column":3},"end":{"line":12,"column":48}},"8":{"start":{"line":16,"column":1},"end":{"line":38,"column":1}},"9":{"start":{"line":18,"column":2},"end":{"line":18,"column":50}},"10":{"start":{"line":21,"column":2},"end":{"line":35,"column":5}},"11":{"start":{"line":23,"column":3},"end":{"line":29,"column":4}},"12":{"start":{"line":24,"column":4},"end":{"line":24,"column":64}},"13":{"start":{"line":25,"column":4},"end":{"line":25,"column":58}},"14":{"start":{"line":27,"column":4},"end":{"line":27,"column":77}},"15":{"start":{"line":28,"column":4},"end":{"line":28,"column":66}},"16":{"start":{"line":31,"column":3},"end":{"line":34,"column":4}},"17":{"start":{"line":32,"column":4},"end":{"line":32,"column":35}},"18":{"start":{"line":33,"column":4},"end":{"line":33,"column":48}},"19":{"start":{"line":38,"column":1},"end":{"line":57,"column":0}},"20":{"start":{"line":39,"column":2},"end":{"line":39,"column":30}},"21":{"start":{"line":41,"column":2},"end":{"line":55,"column":5}},"22":{"start":{"line":42,"column":3},"end":{"line":42,"column":21}},"23":{"start":{"line":42,"column":11},"end":{"line":42,"column":21}},"24":{"start":{"line":44,"column":3},"end":{"line":54,"column":4}},"25":{"start":{"line":45,"column":4},"end":{"line":45,"column":52}},"26":{"start":{"line":47,"column":4},"end":{"line":47,"column":52}},"27":{"start":{"line":49,"column":4},"end":{"line":53,"column":7}},"28":{"start":{"line":50,"column":5},"end":{"line":50,"column":23}},"29":{"start":{"line":50,"column":13},"end":{"line":50,"column":23}},"30":{"start":{"line":52,"column":5},"end":{"line":52,"column":34}},"31":{"start":{"line":59,"column":0},"end":{"line":59,"column":28}}},"branchMap":{"1":{"line":10,"type":"if","locations":[{"start":{"line":10,"column":3},"end":{"line":10,"column":3}},{"start":{"line":10,"column":3},"end":{"line":10,"column":3}}]},"2":{"line":23,"type":"if","locations":[{"start":{"line":23,"column":3},"end":{"line":23,"column":3}},{"start":{"line":23,"column":3},"end":{"line":23,"column":3}}]},"3":{"line":31,"type":"if","locations":[{"start":{"line":31,"column":3},"end":{"line":31,"column":3}},{"start":{"line":31,"column":3},"end":{"line":31,"column":3}}]},"4":{"line":31,"type":"binary-expr","locations":[{"start":{"line":31,"column":7},"end":{"line":31,"column":35}},{"start":{"line":31,"column":39},"end":{"line":31,"column":68}},{"start":{"line":31,"column":73},"end":{"line":31,"column":92}}]},"5":{"line":39,"type":"binary-expr","locations":[{"start":{"line":39,"column":12},"end":{"line":39,"column":19}},{"start":{"line":39,"column":23},"end":{"line":39,"column":29}}]},"6":{"line":42,"type":"if","locations":[{"start":{"line":42,"column":3},"end":{"line":42,"column":3}},{"start":{"line":42,"column":3},"end":{"line":42,"column":3}}]},"7":{"line":44,"type":"if","locations":[{"start":{"line":44,"column":3},"end":{"line":44,"column":3}},{"start":{"line":44,"column":3},"end":{"line":44,"column":3}}]},"8":{"line":44,"type":"binary-expr","locations":[{"start":{"line":44,"column":6},"end":{"line":44,"column":33}},{"start":{"line":44,"column":37},"end":{"line":44,"column":69}}]},"9":{"line":50,"type":"if","locations":[{"start":{"line":50,"column":5},"end":{"line":50,"column":5}},{"start":{"line":50,"column":5},"end":{"line":50,"column":5}}]}}},"/Users/ryanbillingsley/GitHub/scour/spec/process_project_directory_spec.js":{"path":"/Users/ryanbillingsley/GitHub/scour/spec/process_project_directory_spec.js","s":{"1":1},"b":{},"f":{"1":1},"fnMap":{"1":{"name":"(anonymous_1)","line":1,"loc":{"start":{"line":1,"column":37},"end":{"line":1,"column":47}}}},"statementMap":{"1":{"start":{"line":1,"column":0},"end":{"line":3,"column":3}}},"branchMap":{}}}