TN:
SF:/Users/ryanbillingsley/GitHub/scour/spec/find_and_replace_spec.js
FN:4,(anonymous_1)
FN:5,(anonymous_2)
FN:8,(anonymous_3)
FN:12,(anonymous_4)
FN:24,(anonymous_5)
FN:27,(anonymous_6)
FN:32,(anonymous_7)
FN:35,(anonymous_8)
FN:39,(anonymous_9)
FN:46,(anonymous_10)
FN:50,(anonymous_11)
FN:55,(anonymous_12)
FN:58,(anonymous_13)
FN:63,(anonymous_14)
FN:66,(anonymous_15)
FN:73,(anonymous_16)
FN:77,(anonymous_17)
FN:82,(anonymous_18)
FN:83,(anonymous_19)
FN:87,(anonymous_20)
FN:94,(anonymous_21)
FN:95,(anonymous_22)
FN:99,(anonymous_23)
FN:103,(anonymous_24)
FN:110,(anonymous_25)
FNF:25
FNH:25
FNDA:1,(anonymous_1)
FNDA:1,(anonymous_2)
FNDA:1,(anonymous_3)
FNDA:1,(anonymous_4)
FNDA:1,(anonymous_5)
FNDA:1,(anonymous_6)
FNDA:1,(anonymous_7)
FNDA:1,(anonymous_8)
FNDA:1,(anonymous_9)
FNDA:1,(anonymous_10)
FNDA:1,(anonymous_11)
FNDA:1,(anonymous_12)
FNDA:1,(anonymous_13)
FNDA:1,(anonymous_14)
FNDA:1,(anonymous_15)
FNDA:1,(anonymous_16)
FNDA:1,(anonymous_17)
FNDA:1,(anonymous_18)
FNDA:1,(anonymous_19)
FNDA:1,(anonymous_20)
FNDA:1,(anonymous_21)
FNDA:1,(anonymous_22)
FNDA:1,(anonymous_23)
FNDA:1,(anonymous_24)
FNDA:1,(anonymous_25)
DA:1,1
DA:4,1
DA:5,1
DA:6,1
DA:8,1
DA:9,1
DA:12,1
DA:13,1
DA:16,1
DA:18,1
DA:19,1
DA:21,1
DA:24,1
DA:25,1
DA:27,1
DA:28,1
DA:29,1
DA:32,1
DA:33,1
DA:35,1
DA:36,1
DA:39,1
DA:40,1
DA:43,1
DA:46,1
DA:47,1
DA:50,1
DA:51,1
DA:55,1
DA:56,1
DA:58,1
DA:59,1
DA:60,1
DA:63,1
DA:64,1
DA:66,1
DA:67,1
DA:70,1
DA:73,1
DA:74,1
DA:77,1
DA:78,1
DA:82,1
DA:83,1
DA:84,1
DA:87,1
DA:88,1
DA:91,1
DA:94,1
DA:95,1
DA:96,1
DA:99,1
DA:100,1
DA:103,1
DA:104,1
DA:107,1
DA:110,1
LF:57
LH:57
BRF:0
BRH:0
end_of_record
TN:
SF:/Users/ryanbillingsley/GitHub/scour/main.js
FN:7,Scour
FN:11,(anonymous_2)
FN:15,(anonymous_3)
FN:19,(anonymous_4)
FN:23,(anonymous_5)
FN:28,(anonymous_6)
FN:33,(anonymous_7)
FN:39,(anonymous_8)
FN:42,(anonymous_9)
FN:48,(anonymous_10)
FNF:10
FNH:10
FNDA:1,Scour
FNDA:4,(anonymous_2)
FNDA:4,(anonymous_3)
FNDA:6,(anonymous_4)
FNDA:1,(anonymous_5)
FNDA:1,(anonymous_6)
FNDA:3,(anonymous_7)
FNDA:5,(anonymous_8)
FNDA:5,(anonymous_9)
FNDA:1,(anonymous_10)
DA:1,1
DA:7,1
DA:9,1
DA:11,1
DA:12,4
DA:15,4
DA:16,4
DA:19,3
DA:21,6
DA:22,1
DA:23,1
DA:24,1
DA:27,1
DA:28,1
DA:31,6
DA:32,3
DA:33,3
DA:39,1
DA:40,5
DA:42,5
DA:43,5
DA:45,4
DA:46,3
DA:48,3
DA:49,1
DA:51,0
DA:54,1
DA:60,1
DA:62,1
LF:29
LH:28
BRDA:16,1,0,1
BRDA:16,1,1,3
BRDA:21,2,0,1
BRDA:21,2,1,5
BRDA:31,3,0,3
BRDA:31,3,1,3
BRDA:31,4,0,6
BRDA:31,4,1,1
BRDA:31,4,2,5
BRDA:40,5,0,5
BRDA:40,5,1,3
BRDA:43,6,0,1
BRDA:43,6,1,4
BRDA:45,7,0,3
BRDA:45,7,1,1
BRDA:45,8,0,4
BRDA:45,8,1,3
BRDA:49,9,0,1
BRDA:49,9,1,0
BRF:19
BRH:18
end_of_record
TN:
SF:/Users/ryanbillingsley/GitHub/scour/spec/scour_folder_spec.js
FN:8,(anonymous_1)
FN:9,(anonymous_2)
FN:14,(anonymous_3)
FN:15,(anonymous_4)
FN:19,(anonymous_5)
FN:24,(anonymous_6)
FN:28,(anonymous_7)
FN:33,(anonymous_8)
FN:38,(anonymous_9)
FN:52,(anonymous_10)
FN:56,(anonymous_11)
FN:61,(anonymous_12)
FN:65,(anonymous_13)
FN:70,(anonymous_14)
FN:74,(anonymous_15)
FN:79,(anonymous_16)
FN:84,(anonymous_17)
FN:98,(anonymous_18)
FN:102,(anonymous_19)
FN:107,(anonymous_20)
FN:109,(anonymous_21)
FN:113,(anonymous_22)
FN:120,(anonymous_23)
FN:124,(anonymous_24)
FN:129,(anonymous_25)
FN:133,(anonymous_26)
FN:138,(anonymous_27)
FN:143,(anonymous_28)
FN:157,(anonymous_29)
FN:161,(anonymous_30)
FNF:30
FNH:30
FNDA:10,(anonymous_1)
FNDA:4,(anonymous_2)
FNDA:1,(anonymous_3)
FNDA:1,(anonymous_4)
FNDA:5,(anonymous_5)
FNDA:1,(anonymous_6)
FNDA:1,(anonymous_7)
FNDA:3,(anonymous_8)
FNDA:2,(anonymous_9)
FNDA:1,(anonymous_10)
FNDA:1,(anonymous_11)
FNDA:1,(anonymous_12)
FNDA:3,(anonymous_13)
FNDA:1,(anonymous_14)
FNDA:1,(anonymous_15)
FNDA:4,(anonymous_16)
FNDA:1,(anonymous_17)
FNDA:1,(anonymous_18)
FNDA:1,(anonymous_19)
FNDA:1,(anonymous_20)
FNDA:1,(anonymous_21)
FNDA:1,(anonymous_22)
FNDA:1,(anonymous_23)
FNDA:2,(anonymous_24)
FNDA:1,(anonymous_25)
FNDA:1,(anonymous_26)
FNDA:6,(anonymous_27)
FNDA:2,(anonymous_28)
FNDA:1,(anonymous_29)
FNDA:1,(anonymous_30)
DA:1,1
DA:8,1
DA:9,10
DA:10,4
DA:14,1
DA:15,1
DA:16,1
DA:19,1
DA:20,5
DA:21,5
DA:24,1
DA:25,1
DA:28,1
DA:29,1
DA:33,1
DA:34,3
DA:38,1
DA:39,2
DA:43,1
DA:46,1
DA:49,1
DA:52,1
DA:53,1
DA:56,1
DA:57,1
DA:61,1
DA:62,1
DA:65,1
DA:66,3
DA:67,3
DA:70,1
DA:71,1
DA:74,1
DA:75,1
DA:79,1
DA:80,4
DA:84,1
DA:85,1
DA:89,1
DA:92,1
DA:95,1
DA:98,1
DA:99,1
DA:102,1
DA:103,1
DA:107,1
DA:109,1
DA:110,1
DA:113,1
DA:114,1
DA:117,1
DA:120,1
DA:121,1
DA:124,1
DA:125,2
DA:126,2
DA:129,1
DA:130,1
DA:133,1
DA:134,1
DA:138,1
DA:139,6
DA:143,1
DA:144,2
DA:148,1
DA:151,1
DA:154,1
DA:157,1
DA:158,1
DA:161,1
DA:162,1
LF:71
LH:71
BRF:0
BRH:0
end_of_record
